{
  "stats": {
    "suites": 2,
    "tests": 11,
    "passes": 11,
    "pending": 0,
    "failures": 0,
    "start": "2022-06-20T19:50:01.979Z",
    "end": "2022-06-20T19:50:13.494Z",
    "duration": 11515,
    "testsRegistered": 11,
    "passPercent": 100,
    "pendingPercent": 0,
    "other": 0,
    "hasOther": false,
    "skipped": 0,
    "hasSkipped": false
  },
  "results": [
    {
      "uuid": "02934459-a8c2-4b69-82ac-003209908d7b",
      "title": "",
      "fullFile": "cypress/integration/kalkulator-bmi.spec.js",
      "file": "cypress/integration/kalkulator-bmi.spec.js",
      "beforeHooks": [],
      "afterHooks": [],
      "tests": [],
      "suites": [
        {
          "uuid": "a4ee35a1-9b9d-43cd-9481-4884f10c8ffc",
          "title": "kalkulator BMI",
          "fullFile": "",
          "file": "",
          "beforeHooks": [],
          "afterHooks": [],
          "tests": [
            {
              "title": "Test1: zawiera 3 sekcje: 'Parametry', 'Wynik', 'Historia pomiarów'",
              "fullTitle": "kalkulator BMI Test1: zawiera 3 sekcje: 'Parametry', 'Wynik', 'Historia pomiarów'",
              "timedOut": null,
              "duration": 546,
              "state": "passed",
              "speed": "fast",
              "pass": true,
              "fail": false,
              "pending": false,
              "context": null,
              "code": "cy.get(\".sekcje div.modul\").should(\"have.length\", 3);\ncy.contains(\"Parametry\").should(\"exist\");\ncy.contains(\"Wynik\").should(\"exist\");\ncy.contains(\"Historia pomiarów\").should(\"exist\"); //Aplikacja zawiera 3 sekcje: 'Parametry', 'Wynik', 'Historia pomiarów'",
              "err": {},
              "uuid": "3bbb0247-375f-40fd-8beb-935d6c8e7e31",
              "parentUUID": "a4ee35a1-9b9d-43cd-9481-4884f10c8ffc",
              "isHook": false,
              "skipped": false
            },
            {
              "title": "Test2: poprawnie wylicza BMI",
              "fullTitle": "kalkulator BMI Test2: poprawnie wylicza BMI",
              "timedOut": null,
              "duration": 695,
              "state": "passed",
              "speed": "fast",
              "pass": true,
              "fail": false,
              "pending": false,
              "context": null,
              "code": "// Wpisz wagę, wzrost a następnie kliknij przycisk zatwierdź\nparametryModule.selectWagaInput().type(\"45\");\nparametryModule.selectWzrostInput().type(\"160\");\nparametryModule.selectZatwierdzButton().click(); // Waga, wzrost oraz wyliczone BMI wyświetla się poprawnie\ncy.get(\"#podanaWaga\").should(\"have.text\", \"45 kg\");\ncy.get(\"#podanyWzrost\").should(\"have.text\", \"160 cm\");\ncy.get(\"#wyliczoneBMI\").should(\"have.text\", \"17.58\");",
              "err": {},
              "uuid": "eeb99039-ef8c-4835-973a-e3fd8b77fa87",
              "parentUUID": "a4ee35a1-9b9d-43cd-9481-4884f10c8ffc",
              "isHook": false,
              "skipped": false
            },
            {
              "title": "Test3: po kliknięciu zatwierdź czyści pola tekstowe",
              "fullTitle": "kalkulator BMI Test3: po kliknięciu zatwierdź czyści pola tekstowe",
              "timedOut": null,
              "duration": 635,
              "state": "passed",
              "speed": "fast",
              "pass": true,
              "fail": false,
              "pending": false,
              "context": null,
              "code": "//Wpisz wagę, wzrost a następnie kliknij przycisk zatwierdź\nparametryModule.selectWagaInput().type(\"45\");\nparametryModule.selectWzrostInput().type(\"160\");\nparametryModule.selectZatwierdzButton().click(); //Wpisane wartości zostały wyczyszczone\nparametryModule.selectWagaInput().should(\"be.empty\");\nparametryModule.selectWzrostInput().should(\"be.empty\");",
              "err": {},
              "uuid": "dc8d4719-b2e7-42fa-a4d5-d0511362c618",
              "parentUUID": "a4ee35a1-9b9d-43cd-9481-4884f10c8ffc",
              "isHook": false,
              "skipped": false
            },
            {
              "title": "Test4: po wpisaniu błędnej wagi, wyświetla komunikat o niepoprawności",
              "fullTitle": "kalkulator BMI Test4: po wpisaniu błędnej wagi, wyświetla komunikat o niepoprawności",
              "timedOut": null,
              "duration": 452,
              "state": "passed",
              "speed": "fast",
              "pass": true,
              "fail": false,
              "pending": false,
              "context": null,
              "code": "//Wpisz niepoprawną wagę <40 kg lub >200 kg, poprawny wzrost i kliknij przycisk 'zatwierdź'\nparametryModule.selectWzrostInput().type(\"160\");\nparametryModule.selectZatwierdzButton().click(); // Pojawia się komunikat o niepoprawności wagi\ncy.get(\"#podanaWaga\").should(\"have.text\", \"nie jest poprawna\");\ncy.get(\"#podanyWzrost\").should(\"have.text\", \"160 cm\");\ncy.get(\"#wyliczoneBMI\").should(\"have.text\", \"-\");",
              "err": {},
              "uuid": "3021fcf4-96c8-48a2-9221-c07ea7a1bcd2",
              "parentUUID": "a4ee35a1-9b9d-43cd-9481-4884f10c8ffc",
              "isHook": false,
              "skipped": false
            },
            {
              "title": "Test5: po wpisaniu błędnego wzrostu, wyświetla komunikat o niepoprawności",
              "fullTitle": "kalkulator BMI Test5: po wpisaniu błędnego wzrostu, wyświetla komunikat o niepoprawności",
              "timedOut": null,
              "duration": 596,
              "state": "passed",
              "speed": "fast",
              "pass": true,
              "fail": false,
              "pending": false,
              "context": null,
              "code": "//Wpisz wagę, niepoprawny wzrost  <120 cm lub > 240 cm i kliknij przycisk 'zatwierdź'\nparametryModule.selectWagaInput().type(\"40\");\nparametryModule.selectWzrostInput().type(\"119\");\nparametryModule.selectZatwierdzButton().click(); //Pojawia się komunikat o niepoprawności wzrostu\ncy.get(\"#podanaWaga\").should(\"have.text\", \"40 kg\");\ncy.get(\"#podanyWzrost\").should(\"have.text\", \"nie jest poprawny\");\ncy.get(\"#wyliczoneBMI\").should(\"have.text\", \"-\");",
              "err": {},
              "uuid": "76eb5fed-2bb5-4646-8286-e4aa504e601a",
              "parentUUID": "a4ee35a1-9b9d-43cd-9481-4884f10c8ffc",
              "isHook": false,
              "skipped": false
            },
            {
              "title": "Test6: po wpisaniu błędnego wzrostu i wagi, wyświetla komunikat o niepoprawności",
              "fullTitle": "kalkulator BMI Test6: po wpisaniu błędnego wzrostu i wagi, wyświetla komunikat o niepoprawności",
              "timedOut": null,
              "duration": 584,
              "state": "passed",
              "speed": "fast",
              "pass": true,
              "fail": false,
              "pending": false,
              "context": null,
              "code": "//Wpisz niepoprawną wagę, niepoprawny wzrost i kliknij przycisk 'zatwierdź'\nparametryModule.selectWagaInput().type(\"39\");\nparametryModule.selectWzrostInput().type(\"119\");\nparametryModule.selectZatwierdzButton().click(); // Pojawia się komunikat o niepoprawności wagi oraz wzrostu\ncy.get(\"#podanaWaga\").should(\"have.text\", \"nie jest poprawna\");\ncy.get(\"#podanyWzrost\").should(\"have.text\", \"nie jest poprawny\");\ncy.get(\"#wyliczoneBMI\").should(\"have.text\", \"-\");",
              "err": {},
              "uuid": "b80095a3-e4f7-45a4-bab8-4da2d40b149e",
              "parentUUID": "a4ee35a1-9b9d-43cd-9481-4884f10c8ffc",
              "isHook": false,
              "skipped": false
            },
            {
              "title": "Test7: po wpisaniu poprawnych wartości, zapisze uzyskany wynik do historii pomiarów",
              "fullTitle": "kalkulator BMI Test7: po wpisaniu poprawnych wartości, zapisze uzyskany wynik do historii pomiarów",
              "timedOut": null,
              "duration": 589,
              "state": "passed",
              "speed": "fast",
              "pass": true,
              "fail": false,
              "pending": false,
              "context": null,
              "code": "//  Wpisz wagę, wzrost i kliknij przycisk 'zatwierdź'\nparametryModule.selectWagaInput().type(\"40\");\nparametryModule.selectWzrostInput().type(\"120\");\nparametryModule.selectZatwierdzButton().click(); // Wynik zapisał się w historii pomiarów\ncy.get(\"#historiaPomiarow li\").should(\"exist\");",
              "err": {},
              "uuid": "8a07880a-595d-4457-8093-9194416e31ab",
              "parentUUID": "a4ee35a1-9b9d-43cd-9481-4884f10c8ffc",
              "isHook": false,
              "skipped": false
            }
          ],
          "suites": [
            {
              "uuid": "70bc0145-e6f1-457d-87f4-b87705d25cf0",
              "title": "po uzyskaniu kilku poprawnych wyników",
              "fullFile": "",
              "file": "",
              "beforeHooks": [],
              "afterHooks": [],
              "tests": [
                {
                  "title": "Test8: zapisze wszystkie wyniki w historii pomiarów",
                  "fullTitle": "kalkulator BMI po uzyskaniu kilku poprawnych wyników Test8: zapisze wszystkie wyniki w historii pomiarów",
                  "timedOut": null,
                  "duration": 1085,
                  "state": "passed",
                  "speed": "fast",
                  "pass": true,
                  "fail": false,
                  "pending": false,
                  "context": null,
                  "code": "cy.get(\"#historiaPomiarow li\").should(\"have.length.at.least\", 2); // Wszystkie wyniki zapisały się w historii pomiarów",
                  "err": {},
                  "uuid": "a331f539-be1f-42e4-9b5f-809d7771f01c",
                  "parentUUID": "70bc0145-e6f1-457d-87f4-b87705d25cf0",
                  "isHook": false,
                  "skipped": false
                },
                {
                  "title": "Test9: pokaże komunikat o tym, że BMI wzrosło",
                  "fullTitle": "kalkulator BMI po uzyskaniu kilku poprawnych wyników Test9: pokaże komunikat o tym, że BMI wzrosło",
                  "timedOut": null,
                  "duration": 1059,
                  "state": "passed",
                  "speed": "fast",
                  "pass": true,
                  "fail": false,
                  "pending": false,
                  "context": null,
                  "code": "cy.get(\"#komunikatBMI\").should(\"have.text\", \"Twoje BMI wzrosło!\"); //Pojawił się komunikat 'Twoje BMI wzrosło'",
                  "err": {},
                  "uuid": "c010351a-f264-498d-924e-69ea334a8859",
                  "parentUUID": "70bc0145-e6f1-457d-87f4-b87705d25cf0",
                  "isHook": false,
                  "skipped": false
                },
                {
                  "title": "Test10: pokaże komunikat o tym, że BMI spadło",
                  "fullTitle": "kalkulator BMI po uzyskaniu kilku poprawnych wyników Test10: pokaże komunikat o tym, że BMI spadło",
                  "timedOut": null,
                  "duration": 1575,
                  "state": "passed",
                  "speed": "fast",
                  "pass": true,
                  "fail": false,
                  "pending": false,
                  "context": null,
                  "code": "//Wpisz kolejny wynik\nparametryModule.selectWagaInput().type(\"58\");\nparametryModule.selectWzrostInput().type(\"140\");\nparametryModule.selectZatwierdzButton().click(); //Pojawił się komunikat 'Twoje BMI spadło'\ncy.get(\"#komunikatBMI\").should(\"have.text\", \"Twoje BMI spadło!\");",
                  "err": {},
                  "uuid": "2f8fc129-5f11-4698-ba0e-5b97e3fbd445",
                  "parentUUID": "70bc0145-e6f1-457d-87f4-b87705d25cf0",
                  "isHook": false,
                  "skipped": false
                },
                {
                  "title": "Test11: po wciśnięciu przycisku 'czyść', wyczyści historię pomiarów",
                  "fullTitle": "kalkulator BMI po uzyskaniu kilku poprawnych wyników Test11: po wciśnięciu przycisku 'czyść', wyczyści historię pomiarów",
                  "timedOut": null,
                  "duration": 1246,
                  "state": "passed",
                  "speed": "fast",
                  "pass": true,
                  "fail": false,
                  "pending": false,
                  "context": null,
                  "code": "//Kliknij przycisk 'Czyść'\ncy.get(\"#czyscButton\").click();\ncy.get(\"#historiaPomiarow li\").should(\"have.length\", 0); //Historia pomiarów została wyczyszczona",
                  "err": {},
                  "uuid": "ddfb1da3-6833-4403-af6e-c96dd66d08e3",
                  "parentUUID": "70bc0145-e6f1-457d-87f4-b87705d25cf0",
                  "isHook": false,
                  "skipped": false
                }
              ],
              "suites": [],
              "passes": [
                "a331f539-be1f-42e4-9b5f-809d7771f01c",
                "c010351a-f264-498d-924e-69ea334a8859",
                "2f8fc129-5f11-4698-ba0e-5b97e3fbd445",
                "ddfb1da3-6833-4403-af6e-c96dd66d08e3"
              ],
              "failures": [],
              "pending": [],
              "skipped": [],
              "duration": 4965,
              "root": false,
              "rootEmpty": false,
              "_timeout": 2000
            }
          ],
          "passes": [
            "3bbb0247-375f-40fd-8beb-935d6c8e7e31",
            "eeb99039-ef8c-4835-973a-e3fd8b77fa87",
            "dc8d4719-b2e7-42fa-a4d5-d0511362c618",
            "3021fcf4-96c8-48a2-9221-c07ea7a1bcd2",
            "76eb5fed-2bb5-4646-8286-e4aa504e601a",
            "b80095a3-e4f7-45a4-bab8-4da2d40b149e",
            "8a07880a-595d-4457-8093-9194416e31ab"
          ],
          "failures": [],
          "pending": [],
          "skipped": [],
          "duration": 4097,
          "root": false,
          "rootEmpty": false,
          "_timeout": 2000
        }
      ],
      "passes": [],
      "failures": [],
      "pending": [],
      "skipped": [],
      "duration": 0,
      "root": true,
      "rootEmpty": true,
      "_timeout": 2000
    }
  ],
  "meta": {
    "mocha": {
      "version": "7.0.1"
    },
    "mochawesome": {
      "options": {
        "quiet": false,
        "reportFilename": "[status]_[datetime]-[name]-report",
        "saveHtml": true,
        "saveJson": true,
        "consoleReporter": "spec",
        "useInlineDiffs": false,
        "code": true
      },
      "version": "7.1.3"
    },
    "marge": {
      "options": {
        "reportFilename": "[status]_[datetime]-[name]-report",
        "timestamp": "isoDateTime",
        "overwrite": false,
        "html": true,
        "json": true
      },
      "version": "6.2.0"
    }
  }
}